<?xml version="1.0" encoding="UTF-8"?>
<!-- Generated by org.testng.reporters.JUnitReportReporter -->
<testsuite hostname="LAPTOP-ASU4V48N" failures="0" tests="2" name="learntestng.DataProviderDemo" time="11.609" errors="0" timestamp="2021-09-01T13:39:12 IST" skipped="0">
  <testcase classname="learntestng.DataProviderDemo" name="f" time="5.935"/>
  <system-out/>
  <testcase classname="learntestng.DataProviderDemo" name="f" time="5.674"/>
  <system-out/>
</testsuite> <!-- learntestng.DataProviderDemo -->
