<?xml version="1.0" encoding="UTF-8"?>
<!-- Generated by org.testng.reporters.JUnitReportReporter -->
<testsuite hostname="LAPTOP-ASU4V48N" failures="0" tests="3" name="ParallelTestingDemo.TestParallel2" time="24.338" errors="0" timestamp="2021-09-06T17:48:00 IST" skipped="0">
  <testcase classname="ParallelTestingDemo.TestParallel2" name="CheckTitle" time="6.417"/>
  <system-out/>
  <testcase classname="ParallelTestingDemo.TestParallel2" name="CheckLoginFunction" time="11.408"/>
  <system-out/>
  <testcase classname="ParallelTestingDemo.TestParallel2" name="startapp" time="6.513"/>
  <system-out/>
</testsuite> <!-- ParallelTestingDemo.TestParallel2 -->
