<?xml version="1.0" encoding="UTF-8"?>
<!-- Generated by org.testng.reporters.JUnitReportReporter -->
<testsuite hostname="LAPTOP-ASU4V48N" failures="0" tests="1" name="pagefactorydemowebshoptest.VerifyLogin" time="6.784" errors="0" timestamp="2021-09-06T11:30:59 IST" skipped="0">
  <testcase classname="pagefactorydemowebshoptest.VerifyLogin" name="validatelogin" time="6.784"/>
  <system-out/>
</testsuite> <!-- pagefactorydemowebshoptest.VerifyLogin -->
