<?xml version="1.0" encoding="UTF-8"?>
<!-- Generated by org.testng.reporters.JUnitReportReporter -->
<testsuite hostname="LAPTOP-ASU4V48N" failures="0" tests="3" name="learntestng.PriorityDemo" time="0.032" errors="0" timestamp="2021-09-01T11:29:22 IST" skipped="0">
  <testcase classname="learntestng.PriorityDemo" name="startapp" time="0.024"/>
  <system-out/>
  <testcase classname="learntestng.PriorityDemo" name="loginapp" time="0.004"/>
  <system-out/>
  <testcase classname="learntestng.PriorityDemo" name="signoff" time="0.004"/>
  <system-out/>
</testsuite> <!-- learntestng.PriorityDemo -->
