<?xml version="1.0" encoding="UTF-8"?>
<!-- Generated by org.testng.reporters.JUnitReportReporter -->
<testsuite hostname="LAPTOP-ASU4V48N" failures="0" tests="1" name="pagefactorydemowebshoptest.VerifyRegisterandLogin" time="8.780" errors="0" timestamp="2021-09-06T17:20:16 IST" skipped="0">
  <testcase classname="pagefactorydemowebshoptest.VerifyRegisterandLogin" name="validatelogin" time="8.780"/>
  <system-out/>
</testsuite> <!-- pagefactorydemowebshoptest.VerifyRegisterandLogin -->
