<?xml version="1.0" encoding="UTF-8"?>
<!-- Generated by org.testng.reporters.JUnitReportReporter -->
<testsuite hostname="LAPTOP-ASU4V48N" failures="0" tests="1" name="learntestng.GridDemo" time="11.983" errors="0" timestamp="2021-09-07T11:29:06 IST" skipped="0">
  <testcase classname="learntestng.GridDemo" name="testlogin" time="11.983"/>
  <system-out/>
</testsuite> <!-- learntestng.GridDemo -->
