<?xml version="1.0" encoding="UTF-8"?>
<!-- Generated by org.testng.reporters.JUnitReportReporter -->
<testsuite hostname="LAPTOP-ASU4V48N" failures="0" tests="2" name="groupsdemo.Testgroup1" time="0.008" errors="0" timestamp="2021-09-02T16:06:56 IST" skipped="0">
  <testcase classname="groupsdemo.Testgroup1" name="Test4" time="0.007"/>
  <system-out/>
  <testcase classname="groupsdemo.Testgroup1" name="Test5" time="0.001"/>
  <system-out/>
</testsuite> <!-- groupsdemo.Testgroup1 -->
