<?xml version="1.0" encoding="UTF-8"?>
<!-- Generated by org.testng.reporters.JUnitReportReporter -->
<testsuite hostname="LAPTOP-ASU4V48N" failures="0" tests="3" name="learntestng.DependenciesDemo1" time="9.234" errors="0" timestamp="2021-09-07T10:20:41 IST" skipped="0">
  <testcase classname="learntestng.DependenciesDemo1" name="startapp" time="4.581"/>
  <system-out/>
  <testcase classname="learntestng.DependenciesDemo1" name="loginapp" time="3.146"/>
  <system-out/>
  <testcase classname="learntestng.DependenciesDemo1" name="signoff" time="1.507"/>
  <system-out/>
</testsuite> <!-- learntestng.DependenciesDemo1 -->
