<?xml version="1.0" encoding="UTF-8"?>
<!-- Generated by org.testng.reporters.JUnitReportReporter -->
<testsuite hostname="LAPTOP-ASU4V48N" failures="0" tests="1" name="learntestng.TestngexecutionSequence" time="0.008" errors="0" timestamp="2021-09-01T11:06:22 IST" skipped="0">
  <testcase classname="learntestng.TestngexecutionSequence" name="checktitle" time="0.008"/>
  <system-out/>
</testsuite> <!-- learntestng.TestngexecutionSequence -->
